<?xml version="1.0" encoding="UTF-8"?>
<!-- Generated by org.testng.reporters.JUnitReportReporter -->
<testsuite skipped="0" hostname="DESKTOP-HJBVMJK" name="com.webdriver_methods.RunAppinBackground" tests="1" failures="0" timestamp="8 Sep 2021 11:30:14 GMT" time="21.374" errors="0">
  <testcase name="notification" time="21.374" classname="com.webdriver_methods.RunAppinBackground"/>
</testsuite> <!-- com.webdriver_methods.RunAppinBackground -->
