<?xml version="1.0" encoding="UTF-8"?>
<!-- Generated by org.testng.reporters.JUnitReportReporter -->
<testsuite skipped="0" hostname="DESKTOP-HJBVMJK" name="com.training.appium.SwipeAction" tests="1" failures="0" timestamp="8 Sep 2021 07:30:59 GMT" time="23.951" errors="0">
  <testcase name="swipeaction" time="23.951" classname="com.training.appium.SwipeAction"/>
</testsuite> <!-- com.training.appium.SwipeAction -->
