<?xml version="1.0" encoding="UTF-8"?>
<!-- Generated by org.testng.reporters.JUnitReportReporter -->
<testsuite skipped="0" hostname="DESKTOP-HJBVMJK" name="com.webdriver_methods.TostMessage" tests="1" failures="0" timestamp="9 Sep 2021 04:58:57 GMT" time="15.412" errors="0">
  <testcase name="verifytheproduct" time="15.412" classname="com.webdriver_methods.TostMessage"/>
</testsuite> <!-- com.webdriver_methods.TostMessage -->
