<?xml version="1.0" encoding="UTF-8"?>
<!-- Generated by org.testng.reporters.JUnitReportReporter -->
<testsuite skipped="0" hostname="DESKTOP-HJBVMJK" name="com.training.appium.Scenario2_ApiDemos" tests="1" failures="0" timestamp="8 Sep 2021 06:22:38 GMT" time="14.505" errors="0">
  <testcase name="scenario2" time="14.505" classname="com.training.appium.Scenario2_ApiDemos"/>
</testsuite> <!-- com.training.appium.Scenario2_ApiDemos -->
