<?xml version="1.0" encoding="UTF-8"?>
<!-- Generated by org.testng.reporters.JUnitReportReporter -->
<testsuite skipped="0" hostname="DESKTOP-HJBVMJK" name="com.training.appium.Scenario1_ApiDemos" tests="1" failures="0" timestamp="8 Sep 2021 06:20:53 GMT" time="12.674" errors="0">
  <testcase name="scenario1" time="12.674" classname="com.training.appium.Scenario1_ApiDemos"/>
</testsuite> <!-- com.training.appium.Scenario1_ApiDemos -->
