<?xml version="1.0" encoding="UTF-8"?>
<!-- Generated by org.testng.reporters.JUnitReportReporter -->
<testsuite skipped="0" hostname="DESKTOP-HJBVMJK" name="com.training.appium.Launch_calculator" tests="1" failures="0" timestamp="8 Sep 2021 06:16:47 GMT" time="21.325" errors="0">
  <testcase name="launchcalculator" time="21.325" classname="com.training.appium.Launch_calculator"/>
</testsuite> <!-- com.training.appium.Launch_calculator -->
