<?xml version="1.0" encoding="UTF-8"?>
<!-- Generated by org.testng.reporters.JUnitReportReporter -->
<testsuite skipped="0" hostname="DESKTOP-HJBVMJK" name="com.training.appium.DragandDrop" tests="1" failures="0" timestamp="8 Sep 2021 09:42:37 GMT" time="18.739" errors="0">
  <testcase name="scenario2" time="18.739" classname="com.training.appium.DragandDrop"/>
</testsuite> <!-- com.training.appium.DragandDrop -->
