<?xml version="1.0" encoding="UTF-8"?>
<!-- Generated by org.testng.reporters.JUnitReportReporter -->
<testsuite skipped="0" hostname="DESKTOP-HJBVMJK" name="com.tasks.CalculatorOperation" tests="1" failures="0" timestamp="26 Sep 2021 09:10:49 GMT" time="30.958" errors="0">
  <testcase name="calculatoroperation" time="30.958" classname="com.tasks.CalculatorOperation"/>
</testsuite> <!-- com.tasks.CalculatorOperation -->
