<?xml version="1.0" encoding="UTF-8"?>
<!-- Generated by org.testng.reporters.JUnitReportReporter -->
<testsuite skipped="0" hostname="DESKTOP-HJBVMJK" name="com.training.appium.ScrollAction" tests="1" failures="0" timestamp="8 Sep 2021 07:55:22 GMT" time="19.794" errors="0">
  <testcase name="scenario1" time="19.794" classname="com.training.appium.ScrollAction"/>
</testsuite> <!-- com.training.appium.ScrollAction -->
