<?xml version="1.0" encoding="UTF-8"?>
<!-- Generated by org.testng.reporters.JUnitReportReporter -->
<testsuite skipped="0" hostname="DESKTOP-HJBVMJK" name="com.tasks.VerifythePrice" tests="1" failures="0" timestamp="13 Sep 2021 10:59:22 GMT" time="54.834" errors="0">
  <testcase name="verifytheproduct" time="54.834" classname="com.tasks.VerifythePrice"/>
</testsuite> <!-- com.tasks.VerifythePrice -->
