<?xml version="1.0" encoding="UTF-8"?>
<!-- Generated by org.testng.reporters.JUnitReportReporter -->
<testsuite skipped="0" hostname="DESKTOP-HJBVMJK" name="com.training.appium.Install_ApiDemos" tests="1" failures="0" timestamp="8 Sep 2021 09:31:14 GMT" time="36.439" errors="0">
  <testcase name="installApiDemos" time="36.439" classname="com.training.appium.Install_ApiDemos"/>
</testsuite> <!-- com.training.appium.Install_ApiDemos -->
