<?xml version="1.0" encoding="UTF-8"?>
<!-- Generated by org.testng.reporters.JUnitReportReporter -->
<testsuite skipped="0" hostname="DESKTOP-HJBVMJK" name="com.tasks.LogintoGeneralStore" tests="1" failures="0" timestamp="13 Sep 2021 11:21:05 GMT" time="60.307" errors="0">
  <testcase name="verifytheproduct" time="60.307" classname="com.tasks.LogintoGeneralStore"/>
</testsuite> <!-- com.tasks.LogintoGeneralStore -->
