<?xml version="1.0" encoding="UTF-8"?>
<!-- Generated by org.testng.reporters.JUnitReportReporter -->
<testsuite skipped="0" hostname="DESKTOP-HJBVMJK" name="com.training.appium.Launch_calendar" tests="1" failures="0" timestamp="8 Sep 2021 06:19:24 GMT" time="17.109" errors="0">
  <testcase name="launchcalendar" time="17.109" classname="com.training.appium.Launch_calendar"/>
</testsuite> <!-- com.training.appium.Launch_calendar -->
