<?xml version="1.0" encoding="UTF-8"?>
<!-- Generated by org.testng.reporters.JUnitReportReporter -->
<testsuite skipped="0" hostname="DESKTOP-HJBVMJK" name="com.webdriver_methods.Orientation" tests="1" failures="0" timestamp="8 Sep 2021 11:10:42 GMT" time="18.394" errors="0">
  <testcase name="notification" time="18.394" classname="com.webdriver_methods.Orientation"/>
</testsuite> <!-- com.webdriver_methods.Orientation -->
