<?xml version="1.0" encoding="UTF-8"?>
<!-- Generated by org.testng.reporters.JUnitReportReporter -->
<testsuite skipped="0" hostname="DESKTOP-HJBVMJK" name="com.web.Webapp" tests="1" failures="0" timestamp="9 Sep 2021 08:03:03 GMT" time="14.209" errors="0">
  <testcase name="webapp" time="14.209" classname="com.web.Webapp"/>
</testsuite> <!-- com.web.Webapp -->
