<?xml version="1.0" encoding="UTF-8"?>
<!-- Generated by org.testng.reporters.JUnitReportReporter -->
<testsuite skipped="0" hostname="DESKTOP-HJBVMJK" name="com.training.appium.Scenario3_ApiDemos" tests="1" failures="0" timestamp="8 Sep 2021 06:23:28 GMT" time="15.870" errors="0">
  <testcase name="scenario2" time="15.870" classname="com.training.appium.Scenario3_ApiDemos"/>
</testsuite> <!-- com.training.appium.Scenario3_ApiDemos -->
