<?xml version="1.0" encoding="UTF-8"?>
<!-- Generated by org.testng.reporters.JUnitReportReporter -->
<testsuite skipped="0" hostname="DESKTOP-HJBVMJK" name="com.webdriver_methods.Notification" tests="1" failures="0" timestamp="8 Sep 2021 10:48:56 GMT" time="19.385" errors="0">
  <testcase name="notification" time="19.385" classname="com.webdriver_methods.Notification"/>
</testsuite> <!-- com.webdriver_methods.Notification -->
