<?xml version="1.0" encoding="UTF-8"?>
<!-- Generated by org.testng.reporters.JUnitReportReporter -->
<testsuite skipped="0" hostname="DESKTOP-HJBVMJK" name="com.training.appium.ZoomandPinch" tests="1" failures="0" timestamp="8 Sep 2021 10:03:53 GMT" time="17.311" errors="0">
  <testcase name="zoomandpinch" time="17.311" classname="com.training.appium.ZoomandPinch"/>
</testsuite> <!-- com.training.appium.ZoomandPinch -->
