<?xml version="1.0" encoding="UTF-8"?>
<!-- Generated by org.testng.reporters.JUnitReportReporter -->
<testsuite skipped="0" hostname="DESKTOP-HJBVMJK" name="com.training.appium.Uninstallapp" tests="1" failures="0" timestamp="8 Sep 2021 08:29:53 GMT" time="21.095" errors="0">
  <testcase name="unistallApiDemos" time="21.095" classname="com.training.appium.Uninstallapp"/>
</testsuite> <!-- com.training.appium.Uninstallapp -->
