<?xml version="1.0" encoding="UTF-8"?>
<!-- Generated by org.testng.reporters.JUnitReportReporter -->
<testsuite skipped="0" hostname="DESKTOP-HJBVMJK" name="com.webdriver_methods.Screenshots" tests="1" failures="0" timestamp="13 Sep 2021 06:37:15 GMT" time="16.017" errors="0">
  <testcase name="screenshot" time="16.017" classname="com.webdriver_methods.Screenshots"/>
</testsuite> <!-- com.webdriver_methods.Screenshots -->
